2020-12-18 20:12:26,754:INFO:PyCaret Supervised Module
2020-12-18 20:12:26,755:INFO:ML Usecase: regression
2020-12-18 20:12:26,756:INFO:version 2.2.2
2020-12-18 20:12:26,756:INFO:Initializing setup()
2020-12-18 20:12:26,756:INFO:setup(target=charges, ml_usecase=regression, available_plots={'parameter': 'Hyperparameters', 'residuals': 'Residuals', 'error': 'Prediction Error', 'cooks': 'Cooks Distance', 'rfe': 'Feature Selection', 'learning': 'Learning Curve', 'manifold': 'Manifold Learning', 'vc': 'Validation Curve', 'feature': 'Feature Importance', 'feature_all': 'Feature Importance (All)', 'tree': 'Decision Tree'}, train_size=0.7, test_data=None, preprocess=True, imputation_type=simple, iterative_imputation_iters=5, categorical_features=None, categorical_imputation=constant, categorical_iterative_imputer=lightgbm, ordinal_features=None, high_cardinality_features=None, high_cardinality_method=frequency, numeric_features=None, numeric_imputation=mean, numeric_iterative_imputer=lightgbm, date_features=None, ignore_features=None, normalize=False, normalize_method=zscore, transformation=False, transformation_method=yeo-johnson, handle_unknown_categorical=True, unknown_categorical_method=least_frequent, pca=False, pca_method=linear, pca_components=None, ignore_low_variance=False, combine_rare_levels=False, rare_level_threshold=0.1, bin_numeric_features=None, remove_outliers=False, outliers_threshold=0.05, remove_multicollinearity=False, multicollinearity_threshold=0.9, remove_perfect_collinearity=True, create_clusters=False, cluster_iter=20, polynomial_features=False, polynomial_degree=2, trigonometry_features=False, polynomial_threshold=0.1, group_features=None, group_names=None, feature_selection=False, feature_selection_threshold=0.8, feature_selection_method=classic, feature_interaction=False, feature_ratio=False, interaction_threshold=0.01, fix_imbalance=False, fix_imbalance_method=None, transform_target=False, transform_target_method=box-cox, data_split_shuffle=True, data_split_stratify=False, fold_strategy=kfold, fold=10, fold_shuffle=False, fold_groups=None, n_jobs=-1, use_gpu=False, custom_pipeline=None, html=True, session_id=123, log_experiment=False, experiment_name=None, log_plots=False, log_profile=False, log_data=False, silent=False, verbose=True, profile=False, profile_kwargs=None, display=None)
2020-12-18 20:12:26,757:INFO:Checking environment
2020-12-18 20:12:26,757:INFO:python_version: 3.8.5
2020-12-18 20:12:26,758:INFO:python_build: ('default', 'Sep  3 2020 21:29:08')
2020-12-18 20:12:26,758:INFO:machine: AMD64
2020-12-18 20:12:26,759:INFO:platform: Windows-10-10.0.18362-SP0
2020-12-18 20:12:26,759:INFO:Memory: svmem(total=8481255424, available=3317121024, percent=60.9, used=5164134400, free=3317121024)
2020-12-18 20:12:26,760:INFO:Physical Core: 2
2020-12-18 20:12:26,760:INFO:Logical Core: 4
2020-12-18 20:12:26,760:INFO:Checking libraries
2020-12-18 20:12:26,760:INFO:pd==1.1.3
2020-12-18 20:12:26,761:INFO:numpy==1.19.2
2020-12-18 20:12:26,761:INFO:sklearn==0.22
2020-12-18 20:12:26,875:INFO:xgboost==0.90
2020-12-18 20:12:26,875:INFO:lightgbm==2.3.1
2020-12-18 20:12:34,854:INFO:catboost==0.24.3
2020-12-18 20:12:40,058:INFO:mlflow==1.12.1
2020-12-18 20:12:40,060:INFO:Checking Exceptions
2020-12-18 20:12:40,060:INFO:Declaring global variables
2020-12-18 20:12:40,060:INFO:USI: e47f
2020-12-18 20:12:40,060:INFO:pycaret_globals: {'_all_models_internal', '_internal_pipeline', 'gpu_param', 'seed', 'transform_target_method_param', 'fold_generator', 'master_model_container', 'X_train', '_ml_usecase', 'create_model_container', 'prep_pipe', 'stratify_param', 'target_param', 'fix_imbalance_method_param', 'n_jobs_param', 'X_test', 'display_container', '_gpu_n_jobs_param', 'USI', 'fold_param', 'logging_param', 'transform_target_param', 'experiment__', 'imputation_regressor', 'y_test', 'data_before_preprocess', 'fold_shuffle_param', 'iterative_imputation_iters_param', 'imputation_classifier', 'log_plots_param', '_all_models', 'html_param', 'pycaret_globals', 'y_train', 'fix_imbalance_param', 'y', '_all_metrics', 'exp_name_log', '_available_plots', 'X', 'fold_groups_param'}
2020-12-18 20:12:40,061:INFO:Preparing display monitor
2020-12-18 20:12:40,061:INFO:Preparing display monitor
2020-12-18 20:12:40,090:INFO:Importing libraries
2020-12-18 20:12:40,090:INFO:Copying data for preprocessing
2020-12-18 20:12:40,108:INFO:Declaring preprocessing parameters
2020-12-18 20:12:40,112:INFO:Creating preprocessing pipeline
2020-12-18 20:12:40,136:INFO:Preprocessing pipeline created successfully
2020-12-18 20:12:40,137:ERROR:(Process Exit): setup has been interupted with user command 'quit'. setup must rerun.
2020-12-18 20:12:40,137:INFO:Creating global containers
2020-12-18 20:12:40,141:INFO:Internal pipeline: Pipeline(memory=None, steps=[('empty_step', 'passthrough')], verbose=False)
2020-12-18 20:12:44,228:INFO:Creating grid variables
2020-12-18 20:12:44,281:INFO:create_model_container: 0
2020-12-18 20:12:44,282:INFO:master_model_container: 0
2020-12-18 20:12:44,282:INFO:display_container: 0
2020-12-18 20:12:44,292:INFO:Pipeline(memory=None,
         steps=[('dtypes',
                 DataTypes_Auto_infer(categorical_features=[],
                                      display_types=True, features_todrop=[],
                                      id_columns=[], ml_usecase='regression',
                                      numerical_features=[], target='charges',
                                      time_features=[])),
                ('imputer',
                 Simple_Imputer(categorical_strategy='not_available',
                                fill_value_categorical=None,
                                fill_value_numerical=None,
                                numeric_strategy...
                ('scaling', 'passthrough'), ('P_transform', 'passthrough'),
                ('binn', 'passthrough'), ('rem_outliers', 'passthrough'),
                ('cluster_all', 'passthrough'),
                ('dummy', Dummify(target='charges')),
                ('fix_perfect', Remove_100(target='charges')),
                ('clean_names', Clean_Colum_Names()),
                ('feature_select', 'passthrough'), ('fix_multi', 'passthrough'),
                ('dfs', 'passthrough'), ('pca', 'passthrough')],
         verbose=False)
2020-12-18 20:12:44,292:INFO:setup() succesfully completed......................................
2020-12-18 20:12:52,449:INFO:Initializing create_model()
2020-12-18 20:12:52,449:INFO:create_model(estimator=lr, fold=None, round=4, cross_validation=True, predict=True, fit_kwargs=None, groups=None, refit=True, verbose=True, system=True, metrics=None, display=None, kwargs={})
2020-12-18 20:12:52,449:INFO:Checking exceptions
2020-12-18 20:12:52,450:INFO:Preparing display monitor
2020-12-18 20:12:52,511:INFO:Importing libraries
2020-12-18 20:12:52,511:INFO:Copying training dataset
2020-12-18 20:12:52,515:INFO:Defining folds
2020-12-18 20:12:52,516:INFO:Declaring metric variables
2020-12-18 20:12:52,544:INFO:Importing untrained model
2020-12-18 20:12:52,588:INFO:Linear Regression Imported succesfully
2020-12-18 20:12:52,652:INFO:Starting cross validation
2020-12-18 20:12:52,673:INFO:Cross validating with KFold(n_splits=10, random_state=123, shuffle=False), n_jobs=-1
2020-12-18 20:13:04,733:INFO:Calculating mean and std
2020-12-18 20:13:04,736:INFO:Creating metrics dataframe
2020-12-18 20:13:04,778:INFO:Finalizing model
2020-12-18 20:13:04,798:INFO:Uploading results into container
2020-12-18 20:13:04,798:INFO:Uploading model into container now
2020-12-18 20:13:04,853:INFO:create_model_container: 1
2020-12-18 20:13:04,853:INFO:master_model_container: 1
2020-12-18 20:13:04,854:INFO:display_container: 1
2020-12-18 20:13:04,855:INFO:LinearRegression(copy_X=True, fit_intercept=True, n_jobs=-1, normalize=False)
2020-12-18 20:13:04,855:INFO:create_model() succesfully completed......................................
2020-12-18 20:13:08,692:INFO:Initializing save_model()
2020-12-18 20:13:08,693:INFO:save_model(model=LinearRegression(copy_X=True, fit_intercept=True, n_jobs=-1, normalize=False), model_name=deployment_28042020, prep_pipe_=Pipeline(memory=None,
         steps=[('dtypes',
                 DataTypes_Auto_infer(categorical_features=[],
                                      display_types=True, features_todrop=[],
                                      id_columns=[], ml_usecase='regression',
                                      numerical_features=[], target='charges',
                                      time_features=[])),
                ('imputer',
                 Simple_Imputer(categorical_strategy='not_available',
                                fill_value_categorical=None,
                                fill_value_numerical=None,
                                numeric_strategy...
                ('scaling', 'passthrough'), ('P_transform', 'passthrough'),
                ('binn', 'passthrough'), ('rem_outliers', 'passthrough'),
                ('cluster_all', 'passthrough'),
                ('dummy', Dummify(target='charges')),
                ('fix_perfect', Remove_100(target='charges')),
                ('clean_names', Clean_Colum_Names()),
                ('feature_select', 'passthrough'), ('fix_multi', 'passthrough'),
                ('dfs', 'passthrough'), ('pca', 'passthrough')],
         verbose=False), verbose=True)
2020-12-18 20:13:08,693:INFO:Adding model into prep_pipe
2020-12-18 20:13:08,735:INFO:deployment_28042020.pkl saved in current working directory
2020-12-18 20:13:08,751:INFO:Pipeline(memory=None,
         steps=[('dtypes',
                 DataTypes_Auto_infer(categorical_features=[],
                                      display_types=True, features_todrop=[],
                                      id_columns=[], ml_usecase='regression',
                                      numerical_features=[], target='charges',
                                      time_features=[])),
                ('imputer',
                 Simple_Imputer(categorical_strategy='not_available',
                                fill_value_categorical=None,
                                fill_value_numerical=None,
                                numeric_strategy...
                ('cluster_all', 'passthrough'),
                ('dummy', Dummify(target='charges')),
                ('fix_perfect', Remove_100(target='charges')),
                ('clean_names', Clean_Colum_Names()),
                ('feature_select', 'passthrough'), ('fix_multi', 'passthrough'),
                ('dfs', 'passthrough'), ('pca', 'passthrough'),
                ['trained_model',
                 LinearRegression(copy_X=True, fit_intercept=True, n_jobs=-1,
                                  normalize=False)]],
         verbose=False)
2020-12-18 20:13:08,752:INFO:save_model() succesfully completed......................................
2020-12-18 20:13:10,852:INFO:Initializing load_model()
2020-12-18 20:13:10,852:INFO:load_model(model_name=deployment_28042020, platform=None, authentication=None, verbose=True)
2020-12-18 20:14:44,636:INFO:Initializing load_model()
2020-12-18 20:14:44,636:INFO:load_model(model_name=deployment_28042020, platform=None, authentication=None, verbose=True)
2020-12-18 20:14:53,725:INFO:Initializing load_model()
2020-12-18 20:14:53,725:INFO:load_model(model_name=deployment_28042020, platform=None, authentication=None, verbose=True)
2020-12-18 20:16:32,052:INFO:Initializing predict_model()
2020-12-18 20:16:32,052:INFO:predict_model(estimator=Pipeline(memory=None,
         steps=[('dtypes',
                 DataTypes_Auto_infer(categorical_features=[],
                                      display_types=True, features_todrop=[],
                                      id_columns=[], ml_usecase='regression',
                                      numerical_features=[], target='charges',
                                      time_features=[])),
                ('imputer',
                 Simple_Imputer(categorical_strategy='not_available',
                                fill_value_categorical=None,
                                fill_value_numerical=None,
                                numeric_strategy...
                ('cluster_all', 'passthrough'),
                ('dummy', Dummify(target='charges')),
                ('fix_perfect', Remove_100(target='charges')),
                ('clean_names', Clean_Colum_Names()),
                ('feature_select', 'passthrough'), ('fix_multi', 'passthrough'),
                ('dfs', 'passthrough'), ('pca', 'passthrough'),
                ['trained_model',
                 LinearRegression(copy_X=True, fit_intercept=True, n_jobs=-1,
                                  normalize=False)]],
         verbose=False), probability_threshold=None, encoded_labels=True, round=0, verbose=True, ml_usecase=MLUsecase.REGRESSION, display=None)
2020-12-18 20:16:32,052:INFO:Checking exceptions
2020-12-18 20:16:32,053:INFO:Preloading libraries
2020-12-18 20:16:56,426:INFO:Initializing predict_model()
2020-12-18 20:16:56,426:INFO:predict_model(estimator=Pipeline(memory=None,
         steps=[('dtypes',
                 DataTypes_Auto_infer(categorical_features=[],
                                      display_types=True, features_todrop=[],
                                      id_columns=[], ml_usecase='regression',
                                      numerical_features=[], target='charges',
                                      time_features=[])),
                ('imputer',
                 Simple_Imputer(categorical_strategy='not_available',
                                fill_value_categorical=None,
                                fill_value_numerical=None,
                                numeric_strategy...
                ('cluster_all', 'passthrough'),
                ('dummy', Dummify(target='charges')),
                ('fix_perfect', Remove_100(target='charges')),
                ('clean_names', Clean_Colum_Names()),
                ('feature_select', 'passthrough'), ('fix_multi', 'passthrough'),
                ('dfs', 'passthrough'), ('pca', 'passthrough'),
                ['trained_model',
                 LinearRegression(copy_X=True, fit_intercept=True, n_jobs=-1,
                                  normalize=False)]],
         verbose=False), probability_threshold=None, encoded_labels=True, round=0, verbose=True, ml_usecase=MLUsecase.REGRESSION, display=None)
2020-12-18 20:16:56,426:INFO:Checking exceptions
2020-12-18 20:16:56,427:INFO:Preloading libraries
2020-12-18 20:20:30,433:INFO:Initializing predict_model()
2020-12-18 20:20:30,434:INFO:predict_model(estimator=Pipeline(memory=None,
         steps=[('dtypes',
                 DataTypes_Auto_infer(categorical_features=[],
                                      display_types=True, features_todrop=[],
                                      id_columns=[], ml_usecase='regression',
                                      numerical_features=[], target='charges',
                                      time_features=[])),
                ('imputer',
                 Simple_Imputer(categorical_strategy='not_available',
                                fill_value_categorical=None,
                                fill_value_numerical=None,
                                numeric_strategy...
                ('cluster_all', 'passthrough'),
                ('dummy', Dummify(target='charges')),
                ('fix_perfect', Remove_100(target='charges')),
                ('clean_names', Clean_Colum_Names()),
                ('feature_select', 'passthrough'), ('fix_multi', 'passthrough'),
                ('dfs', 'passthrough'), ('pca', 'passthrough'),
                ['trained_model',
                 LinearRegression(copy_X=True, fit_intercept=True, n_jobs=-1,
                                  normalize=False)]],
         verbose=False), probability_threshold=None, encoded_labels=True, round=0, verbose=True, ml_usecase=MLUsecase.REGRESSION, display=None)
2020-12-18 20:20:30,434:INFO:Checking exceptions
2020-12-18 20:20:30,434:INFO:Preloading libraries
2020-12-18 20:28:21,468:INFO:Initializing predict_model()
2020-12-18 20:28:21,468:INFO:predict_model(estimator=Pipeline(memory=None,
         steps=[('dtypes',
                 DataTypes_Auto_infer(categorical_features=[],
                                      display_types=True, features_todrop=[],
                                      id_columns=[], ml_usecase='regression',
                                      numerical_features=[], target='charges',
                                      time_features=[])),
                ('imputer',
                 Simple_Imputer(categorical_strategy='not_available',
                                fill_value_categorical=None,
                                fill_value_numerical=None,
                                numeric_strategy...
                ('cluster_all', 'passthrough'),
                ('dummy', Dummify(target='charges')),
                ('fix_perfect', Remove_100(target='charges')),
                ('clean_names', Clean_Colum_Names()),
                ('feature_select', 'passthrough'), ('fix_multi', 'passthrough'),
                ('dfs', 'passthrough'), ('pca', 'passthrough'),
                ['trained_model',
                 LinearRegression(copy_X=True, fit_intercept=True, n_jobs=-1,
                                  normalize=False)]],
         verbose=False), probability_threshold=None, encoded_labels=True, round=0, verbose=True, ml_usecase=MLUsecase.REGRESSION, display=None)
2020-12-18 20:28:21,468:INFO:Checking exceptions
2020-12-18 20:28:21,469:INFO:Preloading libraries
2020-12-18 20:37:51,590:INFO:Initializing load_model()
2020-12-18 20:37:51,591:INFO:load_model(model_name=deployment_28042020, platform=None, authentication=None, verbose=True)
2020-12-18 20:38:02,791:INFO:Initializing load_model()
2020-12-18 20:38:02,792:INFO:load_model(model_name=deployment_28042020, platform=None, authentication=None, verbose=True)
2020-12-18 20:38:51,920:INFO:Initializing predict_model()
2020-12-18 20:38:51,921:INFO:predict_model(estimator=Pipeline(memory=None,
         steps=[('dtypes',
                 DataTypes_Auto_infer(categorical_features=[],
                                      display_types=True, features_todrop=[],
                                      id_columns=[], ml_usecase='regression',
                                      numerical_features=[], target='charges',
                                      time_features=[])),
                ('imputer',
                 Simple_Imputer(categorical_strategy='not_available',
                                fill_value_categorical=None,
                                fill_value_numerical=None,
                                numeric_strategy...
                ('cluster_all', 'passthrough'),
                ('dummy', Dummify(target='charges')),
                ('fix_perfect', Remove_100(target='charges')),
                ('clean_names', Clean_Colum_Names()),
                ('feature_select', 'passthrough'), ('fix_multi', 'passthrough'),
                ('dfs', 'passthrough'), ('pca', 'passthrough'),
                ['trained_model',
                 LinearRegression(copy_X=True, fit_intercept=True, n_jobs=-1,
                                  normalize=False)]],
         verbose=False), probability_threshold=None, encoded_labels=True, round=0, verbose=True, ml_usecase=MLUsecase.REGRESSION, display=None)
2020-12-18 20:38:51,921:INFO:Checking exceptions
2020-12-18 20:38:51,921:INFO:Preloading libraries
2020-12-18 20:46:59,814:INFO:Initializing predict_model()
2020-12-18 20:46:59,815:INFO:predict_model(estimator=Pipeline(memory=None,
         steps=[('dtypes',
                 DataTypes_Auto_infer(categorical_features=[],
                                      display_types=True, features_todrop=[],
                                      id_columns=[], ml_usecase='regression',
                                      numerical_features=[], target='charges',
                                      time_features=[])),
                ('imputer',
                 Simple_Imputer(categorical_strategy='not_available',
                                fill_value_categorical=None,
                                fill_value_numerical=None,
                                numeric_strategy...
                ('cluster_all', 'passthrough'),
                ('dummy', Dummify(target='charges')),
                ('fix_perfect', Remove_100(target='charges')),
                ('clean_names', Clean_Colum_Names()),
                ('feature_select', 'passthrough'), ('fix_multi', 'passthrough'),
                ('dfs', 'passthrough'), ('pca', 'passthrough'),
                ['trained_model',
                 LinearRegression(copy_X=True, fit_intercept=True, n_jobs=-1,
                                  normalize=False)]],
         verbose=False), probability_threshold=None, encoded_labels=True, round=0, verbose=True, ml_usecase=MLUsecase.REGRESSION, display=None)
2020-12-18 20:46:59,815:INFO:Checking exceptions
2020-12-18 20:46:59,815:INFO:Preloading libraries
2020-12-18 20:47:28,098:INFO:Initializing predict_model()
2020-12-18 20:47:28,102:INFO:predict_model(estimator=Pipeline(memory=None,
         steps=[('dtypes',
                 DataTypes_Auto_infer(categorical_features=[],
                                      display_types=True, features_todrop=[],
                                      id_columns=[], ml_usecase='regression',
                                      numerical_features=[], target='charges',
                                      time_features=[])),
                ('imputer',
                 Simple_Imputer(categorical_strategy='not_available',
                                fill_value_categorical=None,
                                fill_value_numerical=None,
                                numeric_strategy...
                ('cluster_all', 'passthrough'),
                ('dummy', Dummify(target='charges')),
                ('fix_perfect', Remove_100(target='charges')),
                ('clean_names', Clean_Colum_Names()),
                ('feature_select', 'passthrough'), ('fix_multi', 'passthrough'),
                ('dfs', 'passthrough'), ('pca', 'passthrough'),
                ['trained_model',
                 LinearRegression(copy_X=True, fit_intercept=True, n_jobs=-1,
                                  normalize=False)]],
         verbose=False), probability_threshold=None, encoded_labels=True, round=0, verbose=True, ml_usecase=MLUsecase.REGRESSION, display=None)
2020-12-18 20:47:28,103:INFO:Checking exceptions
2020-12-18 20:47:28,104:INFO:Preloading libraries
2020-12-18 20:47:28,472:INFO:Initializing predict_model()
2020-12-18 20:47:28,472:INFO:predict_model(estimator=Pipeline(memory=None,
         steps=[('dtypes',
                 DataTypes_Auto_infer(categorical_features=[],
                                      display_types=True, features_todrop=[],
                                      id_columns=[], ml_usecase='regression',
                                      numerical_features=[], target='charges',
                                      time_features=[])),
                ('imputer',
                 Simple_Imputer(categorical_strategy='not_available',
                                fill_value_categorical=None,
                                fill_value_numerical=None,
                                numeric_strategy...
                ('cluster_all', 'passthrough'),
                ('dummy', Dummify(target='charges')),
                ('fix_perfect', Remove_100(target='charges')),
                ('clean_names', Clean_Colum_Names()),
                ('feature_select', 'passthrough'), ('fix_multi', 'passthrough'),
                ('dfs', 'passthrough'), ('pca', 'passthrough'),
                ['trained_model',
                 LinearRegression(copy_X=True, fit_intercept=True, n_jobs=-1,
                                  normalize=False)]],
         verbose=False), probability_threshold=None, encoded_labels=True, round=0, verbose=True, ml_usecase=MLUsecase.REGRESSION, display=None)
2020-12-18 20:47:28,473:INFO:Checking exceptions
2020-12-18 20:47:28,473:INFO:Preloading libraries
2020-12-19 11:27:07,224:INFO:Initializing load_model()
2020-12-19 11:27:07,225:INFO:load_model(model_name=deployment_28042020, platform=None, authentication=None, verbose=True)
2020-12-19 11:27:18,281:INFO:Initializing load_model()
2020-12-19 11:27:18,282:INFO:load_model(model_name=deployment_28042020, platform=None, authentication=None, verbose=True)
2020-12-19 11:27:58,160:INFO:Initializing predict_model()
2020-12-19 11:27:58,160:INFO:predict_model(estimator=Pipeline(memory=None,
         steps=[('dtypes',
                 DataTypes_Auto_infer(categorical_features=[],
                                      display_types=True, features_todrop=[],
                                      id_columns=[], ml_usecase='regression',
                                      numerical_features=[], target='charges',
                                      time_features=[])),
                ('imputer',
                 Simple_Imputer(categorical_strategy='not_available',
                                fill_value_categorical=None,
                                fill_value_numerical=None,
                                numeric_strategy...
                ('cluster_all', 'passthrough'),
                ('dummy', Dummify(target='charges')),
                ('fix_perfect', Remove_100(target='charges')),
                ('clean_names', Clean_Colum_Names()),
                ('feature_select', 'passthrough'), ('fix_multi', 'passthrough'),
                ('dfs', 'passthrough'), ('pca', 'passthrough'),
                ['trained_model',
                 LinearRegression(copy_X=True, fit_intercept=True, n_jobs=-1,
                                  normalize=False)]],
         verbose=False), probability_threshold=None, encoded_labels=True, round=0, verbose=True, ml_usecase=MLUsecase.REGRESSION, display=None)
2020-12-19 11:27:58,160:INFO:Checking exceptions
2020-12-19 11:27:58,160:INFO:Preloading libraries
2020-12-19 14:14:15,897:INFO:Initializing predict_model()
2020-12-19 14:14:15,897:INFO:predict_model(estimator=Pipeline(memory=None,
         steps=[('dtypes',
                 DataTypes_Auto_infer(categorical_features=[],
                                      display_types=True, features_todrop=[],
                                      id_columns=[], ml_usecase='regression',
                                      numerical_features=[], target='charges',
                                      time_features=[])),
                ('imputer',
                 Simple_Imputer(categorical_strategy='not_available',
                                fill_value_categorical=None,
                                fill_value_numerical=None,
                                numeric_strategy...
                ('cluster_all', 'passthrough'),
                ('dummy', Dummify(target='charges')),
                ('fix_perfect', Remove_100(target='charges')),
                ('clean_names', Clean_Colum_Names()),
                ('feature_select', 'passthrough'), ('fix_multi', 'passthrough'),
                ('dfs', 'passthrough'), ('pca', 'passthrough'),
                ['trained_model',
                 LinearRegression(copy_X=True, fit_intercept=True, n_jobs=-1,
                                  normalize=False)]],
         verbose=False), probability_threshold=None, encoded_labels=True, round=0, verbose=True, ml_usecase=MLUsecase.REGRESSION, display=None)
2020-12-19 14:14:15,898:INFO:Checking exceptions
2020-12-19 14:14:15,898:INFO:Preloading libraries
2020-12-19 15:39:28,725:INFO:Initializing load_model()
2020-12-19 15:39:28,725:INFO:load_model(model_name=deployment_28042020, platform=None, authentication=None, verbose=True)
2020-12-19 15:39:39,587:INFO:Initializing load_model()
2020-12-19 15:39:39,587:INFO:load_model(model_name=deployment_28042020, platform=None, authentication=None, verbose=True)
2020-12-19 15:40:35,372:INFO:Initializing predict_model()
2020-12-19 15:40:35,373:INFO:predict_model(estimator=Pipeline(memory=None,
         steps=[('dtypes',
                 DataTypes_Auto_infer(categorical_features=[],
                                      display_types=True, features_todrop=[],
                                      id_columns=[], ml_usecase='regression',
                                      numerical_features=[], target='charges',
                                      time_features=[])),
                ('imputer',
                 Simple_Imputer(categorical_strategy='not_available',
                                fill_value_categorical=None,
                                fill_value_numerical=None,
                                numeric_strategy...
                ('cluster_all', 'passthrough'),
                ('dummy', Dummify(target='charges')),
                ('fix_perfect', Remove_100(target='charges')),
                ('clean_names', Clean_Colum_Names()),
                ('feature_select', 'passthrough'), ('fix_multi', 'passthrough'),
                ('dfs', 'passthrough'), ('pca', 'passthrough'),
                ['trained_model',
                 LinearRegression(copy_X=True, fit_intercept=True, n_jobs=-1,
                                  normalize=False)]],
         verbose=False), probability_threshold=None, encoded_labels=True, round=0, verbose=True, ml_usecase=MLUsecase.REGRESSION, display=None)
2020-12-19 15:40:35,373:INFO:Checking exceptions
2020-12-19 15:40:35,373:INFO:Preloading libraries
